Added Component: Designator=C1(CP4.5/19)
Added Component: Designator=C2(CP4.5/19)
Added Component: Designator=C3(SM-0805)
Added Component: Designator=D1(DZ0.5A)
Added Component: Designator=D2(TPS5430)
Added Component: Designator=L1(L/0.4)
Added Component: Designator=R1(SM-1206)
Added Component: Designator=R2(SM-1206)
Added Component: Designator=VIN(CON2)
Added Component: Designator=VOUT(CON2)
Added Pin To Net: NetName=12V Pin=C1-1
Added Pin To Net: NetName=12V Pin=D2-7
Added Pin To Net: NetName=12V Pin=VIN-1
Added Net: Name=12V
Added Pin To Net: NetName=GND Pin=C1-2
Added Pin To Net: NetName=GND Pin=C3-1
Added Pin To Net: NetName=GND Pin=D1-1
Added Pin To Net: NetName=GND Pin=D2-6
Added Pin To Net: NetName=GND Pin=R2-1
Added Pin To Net: NetName=GND Pin=VIN-2
Added Pin To Net: NetName=GND Pin=VOUT-1
Added Net: Name=GND
Added Pin To Net: NetName=NC Pin=D2-5
Added Net: Name=NC
Added Pin To Net: NetName=NetC2_1 Pin=C2-1
Added Pin To Net: NetName=NetC2_1 Pin=D2-1
Added Net: Name=NetC2_1
Added Pin To Net: NetName=NetC2_2 Pin=C2-2
Added Pin To Net: NetName=NetC2_2 Pin=D1-2
Added Pin To Net: NetName=NetC2_2 Pin=D2-8
Added Pin To Net: NetName=NetC2_2 Pin=L1-2
Added Net: Name=NetC2_2
Added Pin To Net: NetName=NetC3_2 Pin=C3-2
Added Pin To Net: NetName=NetC3_2 Pin=L1-1
Added Pin To Net: NetName=NetC3_2 Pin=R1-2
Added Pin To Net: NetName=NetC3_2 Pin=VOUT-2
Added Net: Name=NetC3_2
Added Pin To Net: NetName=NetD2_4 Pin=D2-4
Added Pin To Net: NetName=NetD2_4 Pin=R1-1
Added Pin To Net: NetName=NetD2_4 Pin=R2-2
Added Net: Name=NetD2_4
Added Class: Name=Sheet1
Added Room: Name=Sheet1
