Added Component: Designator=C1(SM-1206)
Added Component: Designator=C2(CP1/2)
Added Component: Designator=CUONDAY1(CON2)
Added Component: Designator=D1(D1A)
Added Component: Designator=Q1(QTO-220)
Added Component: Designator=R1(SM-0805)
Added Component: Designator=R2(SM-0805)
Added Component: Designator=R3(SM-0805)
Added Component: Designator=U1(NE555-SMD)
Added Component: Designator=VR1(VOL-S)
Added Pin To Net: NetName=GND Pin=C1-1
Added Pin To Net: NetName=GND Pin=C2-1
Added Pin To Net: NetName=GND Pin=Q1-3
Added Pin To Net: NetName=GND Pin=R3-1
Added Pin To Net: NetName=GND Pin=U1-1
Added Pin To Net: NetName=GND Pin=VR1-1
Added Net: Name=GND
Added Pin To Net: NetName=NetC1_2 Pin=C1-2
Added Pin To Net: NetName=NetC1_2 Pin=U1-5
Added Net: Name=NetC1_2
Added Pin To Net: NetName=NetC2_2 Pin=C2-2
Added Pin To Net: NetName=NetC2_2 Pin=R1-2
Added Pin To Net: NetName=NetC2_2 Pin=U1-2
Added Pin To Net: NetName=NetC2_2 Pin=U1-6
Added Net: Name=NetC2_2
Added Pin To Net: NetName=NetCUONDAY1_2 Pin=CUONDAY1-2
Added Pin To Net: NetName=NetCUONDAY1_2 Pin=D1-2
Added Pin To Net: NetName=NetCUONDAY1_2 Pin=Q1-2
Added Net: Name=NetCUONDAY1_2
Added Pin To Net: NetName=NetQ1_1 Pin=Q1-1
Added Pin To Net: NetName=NetQ1_1 Pin=R2-2
Added Pin To Net: NetName=NetQ1_1 Pin=R3-2
Added Net: Name=NetQ1_1
Added Pin To Net: NetName=NetR1_1 Pin=R1-1
Added Pin To Net: NetName=NetR1_1 Pin=U1-7
Added Pin To Net: NetName=NetR1_1 Pin=VR1-2
Added Net: Name=NetR1_1
Added Pin To Net: NetName=OUT Pin=R2-1
Added Pin To Net: NetName=OUT Pin=U1-3
Added Net: Name=OUT
Added Pin To Net: NetName=VCC Pin=CUONDAY1-1
Added Pin To Net: NetName=VCC Pin=D1-1
Added Pin To Net: NetName=VCC Pin=U1-4
Added Pin To Net: NetName=VCC Pin=U1-8
Added Pin To Net: NetName=VCC Pin=VR1-3
Added Net: Name=VCC
Added Class: Name=Sheet1
Added Room: Name=Sheet1
