Added Component: Designator=C1(SM-0805)
Added Component: Designator=C2(SM-0805)
Added Component: Designator=C3(SM-0805)
Added Component: Designator=C4(SM-0805)
Added Component: Designator=C5(SM-0805)
Added Component: Designator=C6(SM-0805)
Added Component: Designator=C7(SM-0805)
Added Component: Designator=D2(SM-DIODE)
Added Component: Designator=IC1(SOT223-4N)
Added Component: Designator=ISP(CON5)
Added Component: Designator=LED1(LED-3)
Added Component: Designator=LED2(LED-3)
Added Component: Designator=LED3(LED-3)
Added Component: Designator=R1(SM-0805)
Added Component: Designator=R2(SM-0805)
Added Component: Designator=R3(SM-0805)
Added Component: Designator=R4(SM-0805)
Added Component: Designator=R5(SM-0805)
Added Component: Designator=RF315(HED2X5_cen)
Added Component: Designator=U1(TQFP-PT44_N)
Added Component: Designator=UART(CON3)
Added Component: Designator=VIN(CON2)
Added Component: Designator=VOUT(CON2)
Added Component: Designator=X1(XT2)
Added Pin To Net: NetName=+3.3V Pin=C3-2
Added Pin To Net: NetName=+3.3V Pin=C4-2
Added Pin To Net: NetName=+3.3V Pin=C7-2
Added Pin To Net: NetName=+3.3V Pin=D2-2
Added Pin To Net: NetName=+3.3V Pin=IC1-2
Added Pin To Net: NetName=+3.3V Pin=ISP-4
Added Pin To Net: NetName=+3.3V Pin=R1-2
Added Pin To Net: NetName=+3.3V Pin=R3-2
Added Pin To Net: NetName=+3.3V Pin=RF315-1
Added Pin To Net: NetName=+3.3V Pin=U1-7
Added Pin To Net: NetName=+3.3V Pin=U1-28
Added Pin To Net: NetName=+3.3V Pin=VOUT-1
Added Net: Name=+3.3V
Added Pin To Net: NetName=12V Pin=C6-2
Added Pin To Net: NetName=12V Pin=IC1-3
Added Pin To Net: NetName=12V Pin=VIN-2
Added Net: Name=12V
Added Pin To Net: NetName=CSN Pin=RF315-4
Added Pin To Net: NetName=CSN Pin=U1-24
Added Net: Name=CSN
Added Pin To Net: NetName=GD02 Pin=RF315-8
Added Pin To Net: NetName=GD02 Pin=U1-35
Added Net: Name=GD02
Added Pin To Net: NetName=GDO0 Pin=RF315-9
Added Pin To Net: NetName=GDO0 Pin=U1-36
Added Net: Name=GDO0
Added Pin To Net: NetName=GND Pin=C1-1
Added Pin To Net: NetName=GND Pin=C2-1
Added Pin To Net: NetName=GND Pin=C3-1
Added Pin To Net: NetName=GND Pin=C5-1
Added Pin To Net: NetName=GND Pin=C6-1
Added Pin To Net: NetName=GND Pin=C7-1
Added Pin To Net: NetName=GND Pin=IC1-1
Added Pin To Net: NetName=GND Pin=ISP-3
Added Pin To Net: NetName=GND Pin=LED1-2
Added Pin To Net: NetName=GND Pin=LED2-2
Added Pin To Net: NetName=GND Pin=LED3-2
Added Pin To Net: NetName=GND Pin=RF315-5
Added Pin To Net: NetName=GND Pin=RF315-10
Added Pin To Net: NetName=GND Pin=U1-29
Added Pin To Net: NetName=GND Pin=UART-3
Added Pin To Net: NetName=GND Pin=VIN-1
Added Pin To Net: NetName=GND Pin=VOUT-2
Added Net: Name=GND
Added Pin To Net: NetName=LED1 Pin=R4-2
Added Pin To Net: NetName=LED1 Pin=U1-23
Added Net: Name=LED1
Added Pin To Net: NetName=LED2 Pin=R5-2
Added Pin To Net: NetName=LED2 Pin=U1-22
Added Net: Name=LED2
Added Pin To Net: NetName=MCLR Pin=ISP-5
Added Pin To Net: NetName=MCLR Pin=R2-1
Added Pin To Net: NetName=MCLR Pin=U1-18
Added Net: Name=MCLR
Added Pin To Net: NetName=MISO Pin=RF315-3
Added Pin To Net: NetName=MISO Pin=U1-42
Added Net: Name=MISO
Added Pin To Net: NetName=MOSI Pin=RF315-2
Added Pin To Net: NetName=MOSI Pin=U1-43
Added Net: Name=MOSI
Added Pin To Net: NetName=NC Pin=RF315-6
Added Net: Name=NC
Added Pin To Net: NetName=NetC4_1 Pin=C4-1
Added Pin To Net: NetName=NetC4_1 Pin=U1-6
Added Net: Name=NetC4_1
Added Pin To Net: NetName=NetC5_2 Pin=C5-2
Added Pin To Net: NetName=NetC5_2 Pin=D2-1
Added Pin To Net: NetName=NetC5_2 Pin=R1-1
Added Pin To Net: NetName=NetC5_2 Pin=R2-2
Added Net: Name=NetC5_2
Added Pin To Net: NetName=NetLED1_1 Pin=LED1-1
Added Pin To Net: NetName=NetLED1_1 Pin=R3-1
Added Net: Name=NetLED1_1
Added Pin To Net: NetName=NetLED2_1 Pin=LED2-1
Added Pin To Net: NetName=NetLED2_1 Pin=R4-1
Added Net: Name=NetLED2_1
Added Pin To Net: NetName=NetLED3_1 Pin=LED3-1
Added Pin To Net: NetName=NetLED3_1 Pin=R5-1
Added Net: Name=NetLED3_1
Added Pin To Net: NetName=OSC1 Pin=C1-2
Added Pin To Net: NetName=OSC1 Pin=U1-30
Added Pin To Net: NetName=OSC1 Pin=X1-2
Added Net: Name=OSC1
Added Pin To Net: NetName=OSC2 Pin=C2-2
Added Pin To Net: NetName=OSC2 Pin=U1-31
Added Pin To Net: NetName=OSC2 Pin=X1-1
Added Net: Name=OSC2
Added Pin To Net: NetName=PGC Pin=ISP-1
Added Pin To Net: NetName=PGC Pin=U1-16
Added Net: Name=PGC
Added Pin To Net: NetName=PGD Pin=ISP-2
Added Pin To Net: NetName=PGD Pin=U1-17
Added Net: Name=PGD
Added Pin To Net: NetName=RX Pin=U1-1
Added Pin To Net: NetName=RX Pin=UART-1
Added Net: Name=RX
Added Pin To Net: NetName=SCK Pin=RF315-7
Added Pin To Net: NetName=SCK Pin=U1-37
Added Net: Name=SCK
Added Pin To Net: NetName=TX Pin=U1-44
Added Pin To Net: NetName=TX Pin=UART-2
Added Net: Name=TX
Added Class: Name=RF2
Added Room: Name=RF2
