Added Component: Designator=5V1(HED2)
Added Component: Designator=5V(HED2)
Added Component: Designator=ANALOG(CON3)
Added Component: Designator=C1(SM-0805)
Added Component: Designator=C2(SM-0805)
Added Component: Designator=C3(SM-0805)
Added Component: Designator=C4(SM-0805)
Added Component: Designator=C5(SM-0805)
Added Component: Designator=C6(SM-0805)
Added Component: Designator=C7(SM-0805)
Added Component: Designator=C8(CP-SMD)
Added Component: Designator=C9(CP-SMD)
Added Component: Designator=C10(SM-1206)
Added Component: Designator=D1(D1A)
Added Component: Designator=D2(D2AN)
Added Component: Designator=DC-12V(CON2)
Added Component: Designator=L1(L/0.4)
Added Component: Designator=LCD1(LCD16X2)
Added Component: Designator=LED1(Led-SMD)
Added Component: Designator=LED2(Led-SMD)
Added Component: Designator=LED3(Led-SMD)
Added Component: Designator=P1(CON5)
Added Component: Designator=R1(SM-0805)
Added Component: Designator=R2(SM-0805)
Added Component: Designator=R3(SM-0805)
Added Component: Designator=R4(SM-0805)
Added Component: Designator=RESET(SW2)
Added Component: Designator=TRAN_RF(CON3)
Added Component: Designator=U1(LM2576_SMD)
Added Component: Designator=U2(SOP-20)
Added Component: Designator=UART(CON3)
Added Component: Designator=USB1(USB-A-RA)
Added Component: Designator=VR1(VR)
Added Component: Designator=X1(XT2)
Added Pin To Net: NetName=12V Pin=C8-2
Added Pin To Net: NetName=12V Pin=DC-12V-2
Added Pin To Net: NetName=12V Pin=R4-1
Added Pin To Net: NetName=12V Pin=U1-1
Added Net: Name=12V
Added Pin To Net: NetName=AN9 Pin=ANALOG-2
Added Net: Name=AN9
Added Pin To Net: NetName=D4 Pin=LCD1-11
Added Pin To Net: NetName=D4 Pin=U2-7
Added Net: Name=D4
Added Pin To Net: NetName=D5 Pin=LCD1-12
Added Pin To Net: NetName=D5 Pin=U2-6
Added Net: Name=D5
Added Pin To Net: NetName=D6 Pin=LCD1-13
Added Pin To Net: NetName=D6 Pin=U2-5
Added Net: Name=D6
Added Pin To Net: NetName=D7 Pin=LCD1-14
Added Pin To Net: NetName=D7 Pin=U2-8
Added Net: Name=D7
Added Pin To Net: NetName=D+/PGD Pin=P1-4
Added Pin To Net: NetName=D+/PGD Pin=U2-19
Added Net: Name=D+/PGD
Added Pin To Net: NetName=D+ Pin=USB1-3
Added Net: Name=D+
Added Pin To Net: NetName=D-/PGC Pin=P1-5
Added Pin To Net: NetName=D-/PGC Pin=U2-18
Added Net: Name=D-/PGC
Added Pin To Net: NetName=D- Pin=USB1-2
Added Net: Name=D-
Added Pin To Net: NetName=EN Pin=LCD1-6
Added Pin To Net: NetName=EN Pin=U2-14
Added Net: Name=EN
Added Pin To Net: NetName=GND Pin=5V1-1
Added Pin To Net: NetName=GND Pin=5V-1
Added Pin To Net: NetName=GND Pin=ANALOG-1
Added Pin To Net: NetName=GND Pin=C1-1
Added Pin To Net: NetName=GND Pin=C2-1
Added Pin To Net: NetName=GND Pin=C3-1
Added Pin To Net: NetName=GND Pin=C4-1
Added Pin To Net: NetName=GND Pin=C5-1
Added Pin To Net: NetName=GND Pin=C6-1
Added Pin To Net: NetName=GND Pin=C7-1
Added Pin To Net: NetName=GND Pin=C8-1
Added Pin To Net: NetName=GND Pin=C9-1
Added Pin To Net: NetName=GND Pin=C10-1
Added Pin To Net: NetName=GND Pin=D1-1
Added Pin To Net: NetName=GND Pin=D2-1
Added Pin To Net: NetName=GND Pin=LCD1-1
Added Pin To Net: NetName=GND Pin=LCD1-16
Added Pin To Net: NetName=GND Pin=LED1-2
Added Pin To Net: NetName=GND Pin=LED2-2
Added Pin To Net: NetName=GND Pin=LED3-2
Added Pin To Net: NetName=GND Pin=P1-3
Added Pin To Net: NetName=GND Pin=RESET-1
Added Pin To Net: NetName=GND Pin=TRAN_RF-1
Added Pin To Net: NetName=GND Pin=U1-3
Added Pin To Net: NetName=GND Pin=U1-5
Added Pin To Net: NetName=GND Pin=U2-20
Added Pin To Net: NetName=GND Pin=UART-1
Added Pin To Net: NetName=GND Pin=USB1-4
Added Pin To Net: NetName=GND Pin=VR1-3
Added Net: Name=GND
Added Pin To Net: NetName=LED Pin=R2-1
Added Pin To Net: NetName=LED Pin=U2-11
Added Net: Name=LED
Added Pin To Net: NetName=MCLR Pin=P1-1
Added Pin To Net: NetName=MCLR Pin=R1-1
Added Pin To Net: NetName=MCLR Pin=RESET-2
Added Pin To Net: NetName=MCLR Pin=U2-4
Added Net: Name=MCLR
Added Pin To Net: NetName=NetC4_2 Pin=C4-2
Added Pin To Net: NetName=NetC4_2 Pin=U2-17
Added Net: Name=NetC4_2
Added Pin To Net: NetName=NetD2_2 Pin=D2-2
Added Pin To Net: NetName=NetD2_2 Pin=L1-1
Added Pin To Net: NetName=NetD2_2 Pin=U1-2
Added Net: Name=NetD2_2
Added Pin To Net: NetName=NetLED1_1 Pin=LED1-1
Added Pin To Net: NetName=NetLED1_1 Pin=R2-2
Added Net: Name=NetLED1_1
Added Pin To Net: NetName=NetLED2_1 Pin=LED2-1
Added Pin To Net: NetName=NetLED2_1 Pin=R3-2
Added Net: Name=NetLED2_1
Added Pin To Net: NetName=NetLED3_1 Pin=LED3-1
Added Pin To Net: NetName=NetLED3_1 Pin=R4-2
Added Net: Name=NetLED3_1
Added Pin To Net: NetName=OSC1 Pin=C1-2
Added Pin To Net: NetName=OSC1 Pin=U2-2
Added Pin To Net: NetName=OSC1 Pin=X1-2
Added Net: Name=OSC1
Added Pin To Net: NetName=OSC2 Pin=C2-2
Added Pin To Net: NetName=OSC2 Pin=U2-3
Added Pin To Net: NetName=OSC2 Pin=X1-1
Added Net: Name=OSC2
Added Pin To Net: NetName=RB4 Pin=U2-9
Added Net: Name=RB4
Added Pin To Net: NetName=RS Pin=LCD1-4
Added Pin To Net: NetName=RS Pin=U2-16
Added Net: Name=RS
Added Pin To Net: NetName=RW Pin=LCD1-5
Added Pin To Net: NetName=RW Pin=U2-15
Added Net: Name=RW
Added Pin To Net: NetName=RX Pin=U2-12
Added Pin To Net: NetName=RX Pin=UART-2
Added Net: Name=RX
Added Pin To Net: NetName=TRAN_RF Pin=TRAN_RF-2
Added Pin To Net: NetName=TRAN_RF Pin=U2-13
Added Net: Name=TRAN_RF
Added Pin To Net: NetName=TX Pin=U2-10
Added Pin To Net: NetName=TX Pin=UART-3
Added Net: Name=TX
Added Pin To Net: NetName=VCC Pin=5V1-2
Added Pin To Net: NetName=VCC Pin=5V-2
Added Pin To Net: NetName=VCC Pin=ANALOG-3
Added Pin To Net: NetName=VCC Pin=C3-2
Added Pin To Net: NetName=VCC Pin=C5-2
Added Pin To Net: NetName=VCC Pin=C6-2
Added Pin To Net: NetName=VCC Pin=C7-2
Added Pin To Net: NetName=VCC Pin=C9-2
Added Pin To Net: NetName=VCC Pin=C10-2
Added Pin To Net: NetName=VCC Pin=D1-2
Added Pin To Net: NetName=VCC Pin=L1-2
Added Pin To Net: NetName=VCC Pin=LCD1-2
Added Pin To Net: NetName=VCC Pin=LCD1-15
Added Pin To Net: NetName=VCC Pin=P1-2
Added Pin To Net: NetName=VCC Pin=R1-2
Added Pin To Net: NetName=VCC Pin=R3-1
Added Pin To Net: NetName=VCC Pin=TRAN_RF-3
Added Pin To Net: NetName=VCC Pin=U1-4
Added Pin To Net: NetName=VCC Pin=U2-1
Added Pin To Net: NetName=VCC Pin=USB1-1
Added Pin To Net: NetName=VCC Pin=VR1-1
Added Net: Name=VCC
Added Pin To Net: NetName=VSS Pin=LCD1-3
Added Pin To Net: NetName=VSS Pin=VR1-2
Added Net: Name=VSS
Added Class: Name=Tran_RF
Added Room: Name=Tran_RF
