Added Component: Designator=FLIGHT(CON5)
Added Component: Designator=SHT11(CON4)
Added Pin To Net: NetName=GND Pin=FLIGHT-1
Added Pin To Net: NetName=GND Pin=FLIGHT-2
Added Pin To Net: NetName=VDD_5V Pin=FLIGHT-5
Added Pin To Net: NetName=GND Pin=SHT11-1
Added Pin To Net: NetName=VDD_3.3V Pin=SHT11-3
Change Net Name : Old Net Name=GND New Net Name=ADD
Added Pin To Net: NetName=SCL_1 Pin=FLIGHT-4
Added Pin To Net: NetName=SCL_1 Pin=IC1-35
Added Net: Name=SCL_1
Added Pin To Net: NetName=SCL_2 Pin=IC1-18
Added Pin To Net: NetName=SCL_2 Pin=SHT11-2
Added Net: Name=SCL_2
Added Pin To Net: NetName=SDA_1 Pin=FLIGHT-3
Added Pin To Net: NetName=SDA_1 Pin=IC1-36
Added Net: Name=SDA_1
Added Pin To Net: NetName=SDA_2 Pin=IC1-19
Added Pin To Net: NetName=SDA_2 Pin=SHT11-4
Added Net: Name=SDA_2
Added Member To Class: ClassName=CC2530Controller Member=Component FLIGHT JP5
Added Member To Class: ClassName=CC2530Controller Member=Component SHT11 JP4
